# JRE version: OpenJDK Runtime Environment (11.0.11+9) (build 11.0.11+9-b60-7590822)
# Java VM: OpenJDK 64-Bit Server VM (11.0.11+9-b60-7590822, mixed mode, tiered, compressed oops, g1 gc, windows-amd64)
Heap:
 garbage-first heap   total 260096K, used 190420K [0x0000000080000000, 0x0000000100000000)
  region size 1024K, 139 young (142336K), 3 survivors (3072K)
 Metaspace       used 68971K, capacity 70552K, committed 70768K, reserved 1112064K
  class space    used 8669K, capacity 9273K, committed 9292K, reserved 1048576K
GC Heap History (14 events):
Event: 1.495 GC heap before
{Heap before GC invocations=0 (full 0):
 garbage-first heap   total 260096K, used 29696K [0x0000000080000000, 0x0000000100000000)
  region size 1024K, 24 young (24576K), 0 survivors (0K)
 Metaspace       used 9882K, capacity 10114K, committed 10368K, reserved 1058816K
  class space    used 1028K, capacity 1102K, committed 1152K, reserved 1048576K
}
Event: 1.500 GC heap after
{Heap after GC invocations=1 (full 0):
 garbage-first heap   total 260096K, used 9206K [0x0000000080000000, 0x0000000100000000)
  region size 1024K, 3 young (3072K), 3 survivors (3072K)
 Metaspace       used 9882K, capacity 10114K, committed 10368K, reserved 1058816K
  class space    used 1028K, capacity 1102K, committed 1152K, reserved 1048576K
}
Event: 4.944 GC heap before
{Heap before GC invocations=1 (full 0):
 garbage-first heap   total 260096K, used 111606K [0x0000000080000000, 0x0000000100000000)
  region size 1024K, 103 young (105472K), 3 survivors (3072K)
 Metaspace       used 20659K, capacity 21098K, committed 21296K, reserved 1069056K
  class space    used 2530K, capacity 2658K, committed 2688K, reserved 1048576K
}
Event: 4.956 GC heap after
{Heap after GC invocations=2 (full 0):
 garbage-first heap   total 260096K, used 16713K [0x0000000080000000, 0x0000000100000000)
  region size 1024K, 11 young (11264K), 11 survivors (11264K)
 Metaspace       used 20659K, capacity 21098K, committed 21296K, reserved 1069056K
  class space    used 2530K, capacity 2658K, committed 2688K, reserved 1048576K
}
Event: 6.255 GC heap before
{Heap before GC invocations=3 (full 0):
 garbage-first heap   total 260096K, used 60745K [0x0000000080000000, 0x0000000100000000)
  region size 1024K, 54 young (55296K), 11 survivors (11264K)
 Metaspace       used 24979K, capacity 25510K, committed 25648K, reserved 1071104K
  class space    used 3225K, capacity 3432K, committed 3456K, reserved 1048576K
}
Event: 6.263 GC heap after
{Heap after GC invocations=4 (full 0):
 garbage-first heap   total 260096K, used 18601K [0x0000000080000000, 0x0000000100000000)
  region size 1024K, 3 young (3072K), 3 survivors (3072K)
 Metaspace       used 24979K, capacity 25510K, committed 25648K, reserved 1071104K
  class space    used 3225K, capacity 3432K, committed 3456K, reserved 1048576K
}
Event: 8.316 GC heap before
{Heap before GC invocations=4 (full 0):
 garbage-first heap   total 260096K, used 88233K [0x0000000080000000, 0x0000000100000000)
  region size 1024K, 72 young (73728K), 3 survivors (3072K)
 Metaspace       used 34898K, capacity 35652K, committed 35708K, reserved 1081344K
  class space    used 4540K, capacity 4861K, committed 4864K, reserved 1048576K
}
Event: 8.337 GC heap after
{Heap after GC invocations=5 (full 0):
 garbage-first heap   total 260096K, used 22276K [0x0000000080000000, 0x0000000100000000)
  region size 1024K, 6 young (6144K), 6 survivors (6144K)
 Metaspace       used 34898K, capacity 35652K, committed 35708K, reserved 1081344K
  class space    used 4540K, capacity 4861K, committed 4864K, reserved 1048576K
}
Event: 11.660 GC heap before
{Heap before GC invocations=6 (full 0):
 garbage-first heap   total 260096K, used 150276K [0x0000000080000000, 0x0000000100000000)
  region size 1024K, 128 young (131072K), 6 survivors (6144K)
 Metaspace       used 45309K, capacity 46420K, committed 46588K, reserved 1089536K
  class space    used 5813K, capacity 6240K, committed 6272K, reserved 1048576K
}
Event: 11.681 GC heap after
{Heap after GC invocations=7 (full 0):
 garbage-first heap   total 260096K, used 29193K [0x0000000080000000, 0x0000000100000000)
  region size 1024K, 13 young (13312K), 13 survivors (13312K)
 Metaspace       used 45309K, capacity 46420K, committed 46588K, reserved 1089536K
  class space    used 5813K, capacity 6240K, committed 6272K, reserved 1048576K
}
Event: 17.107 GC heap before
{Heap before GC invocations=7 (full 0):
 garbage-first heap   total 260096K, used 176649K [0x0000000080000000, 0x0000000100000000)
  region size 1024K, 149 young (152576K), 13 survivors (13312K)
 Metaspace       used 55332K, capacity 56628K, committed 56828K, reserved 1099776K
  class space    used 7025K, capacity 7488K, committed 7552K, reserved 1048576K
}
Event: 17.132 GC heap after
{Heap after GC invocations=8 (full 0):
 garbage-first heap   total 260096K, used 49696K [0x0000000080000000, 0x0000000100000000)
  region size 1024K, 19 young (19456K), 19 survivors (19456K)
 Metaspace       used 55332K, capacity 56628K, committed 56828K, reserved 1099776K
  class space    used 7025K, capacity 7488K, committed 7552K, reserved 1048576K
}
Event: 17.671 GC heap before
{Heap before GC invocations=8 (full 0):
 garbage-first heap   total 260096K, used 71200K [0x0000000080000000, 0x0000000100000000)
  region size 1024K, 41 young (41984K), 19 survivors (19456K)
 Metaspace       used 58467K, capacity 59812K, committed 59940K, reserved 1101824K
  class space    used 7380K, capacity 7907K, committed 7936K, reserved 1048576K
}
Event: 17.703 GC heap after
{Heap after GC invocations=9 (full 0):
 garbage-first heap   total 260096K, used 52180K [0x0000000080000000, 0x0000000100000000)
  region size 1024K, 3 young (3072K), 3 survivors (3072K)
 Metaspace       used 58467K, capacity 59812K, committed 59940K, reserved 1101824K
  class space    used 7380K, capacity 7907K, committed 7936K, reserved 1048576K
}

